<?xml version="1.0" encoding="UTF-8"?>
<!-- Generated by org.testng.reporters.JUnitReportReporter -->
<testsuite skipped="0" hostname="VD-MDU-MMA12" name="TestCases.EditPage_Test" tests="8" failures="0" timestamp="2019-11-20T12:41:44 IST" time="4.428" errors="0">
  <testcase name="Navi_ClickEdit" time="0.519" classname="TestCases.EditPage_Test"/>
  <testcase name="test01_EmailAddress" time="0.179" classname="TestCases.EditPage_Test"/>
  <testcase name="test02_AppendText" time="0.193" classname="TestCases.EditPage_Test"/>
  <testcase name="test03_GetText" time="0.049" classname="TestCases.EditPage_Test"/>
  <testcase name="test04_ClearMe" time="0.153" classname="TestCases.EditPage_Test"/>
  <testcase name="test04_ClearMe" time="0.117" classname="TestCases.EditPage_Test"/>
  <testcase name="test04_ClearMe" time="0.126" classname="TestCases.EditPage_Test"/>
  <testcase name="test05_DisabledCheck" time="3.092" classname="TestCases.EditPage_Test"/>
</testsuite> <!-- TestCases.EditPage_Test -->
