<?xml version="1.0" encoding="UTF-8"?>
<!-- Generated by org.testng.reporters.JUnitReportReporter -->
<testsuite skipped="0" hostname="LP-5CD8471223" name="TestCases.FirstTest" tests="1" failures="0" timestamp="15 Nov 2019 01:39:01 GMT" time="1.502" errors="0">
  <testcase name="ClickEdit" time="1.502" classname="TestCases.FirstTest"/>
</testsuite> <!-- TestCases.FirstTest -->
