<?xml version="1.0" encoding="UTF-8"?>
<!-- Generated by org.testng.reporters.JUnitReportReporter -->
<testsuite skipped="0" hostname="LP-5CD8471223" name="TestCases.FirstTest" tests="1" failures="0" timestamp="17 Nov 2019 04:53:24 GMT" time="0.851" errors="0">
  <testcase name="ClickEdit" time="0.851" classname="TestCases.FirstTest"/>
</testsuite> <!-- TestCases.FirstTest -->
