<?xml version="1.0" encoding="UTF-8"?>
<!-- Generated by org.testng.reporters.JUnitReportReporter -->
<testsuite skipped="0" hostname="VD-MDU-MMA12" name="TestCases.ButtonPage_Test" tests="5" failures="0" timestamp="2019-11-20T12:41:44 IST" time="1.421" errors="0">
  <testcase name="Navi_ClickButton" time="0.642" classname="TestCases.ButtonPage_Test"/>
  <testcase name="Test10_GetSize" time="0.077" classname="TestCases.ButtonPage_Test"/>
  <testcase name="Test08_GetPosition" time="0.062" classname="TestCases.ButtonPage_Test"/>
  <testcase name="Test09_GetColor" time="0.092" classname="TestCases.ButtonPage_Test"/>
  <testcase name="Test07_CheckGotoHomeButton" time="0.548" classname="TestCases.ButtonPage_Test"/>
</testsuite> <!-- TestCases.ButtonPage_Test -->
