<?xml version="1.0" encoding="UTF-8"?>
<!-- Generated by org.testng.reporters.JUnitReportReporter -->
<testsuite skipped="0" hostname="VD-MDU-MMA12" name="TestCases.EditPage_Test" tests="8" failures="0" timestamp="2019-11-19T18:42:28 IST" time="4.585" errors="0">
  <testcase name="Navi_ClickEdit" time="0.521" classname="TestCases.EditPage_Test"/>
  <testcase name="test01_EmailAddress" time="0.216" classname="TestCases.EditPage_Test"/>
  <testcase name="test02_AppendText" time="0.215" classname="TestCases.EditPage_Test"/>
  <testcase name="test03_GetText" time="0.049" classname="TestCases.EditPage_Test"/>
  <testcase name="test04_ClearMe" time="0.152" classname="TestCases.EditPage_Test"/>
  <testcase name="test04_ClearMe" time="0.147" classname="TestCases.EditPage_Test"/>
  <testcase name="test04_ClearMe" time="0.169" classname="TestCases.EditPage_Test"/>
  <testcase name="test05_DisabledCheck" time="3.116" classname="TestCases.EditPage_Test"/>
</testsuite> <!-- TestCases.EditPage_Test -->
