<?xml version="1.0" encoding="UTF-8"?>
<!-- Generated by org.testng.reporters.JUnitReportReporter -->
<testsuite skipped="0" hostname="LP-5CD8471223" name="TestCases.EditPage_Test" tests="9" failures="0" timestamp="17 Nov 2019 10:52:48 GMT" time="5.702" errors="0">
  <testcase name="Navi_ClickEdit" time="0.328" classname="TestCases.EditPage_Test"/>
  <testcase name="Navi_ClickEdit" time="0.799" classname="TestCases.EditPage_Test"/>
  <testcase name="test01_EmailAddress" time="0.264" classname="TestCases.EditPage_Test"/>
  <testcase name="test02_AppendText" time="0.291" classname="TestCases.EditPage_Test"/>
  <testcase name="test03_GetText" time="0.081" classname="TestCases.EditPage_Test"/>
  <testcase name="test04_ClearMe" time="0.239" classname="TestCases.EditPage_Test"/>
  <testcase name="test04_ClearMe" time="0.172" classname="TestCases.EditPage_Test"/>
  <testcase name="test04_ClearMe" time="0.141" classname="TestCases.EditPage_Test"/>
  <testcase name="test05_DisabledCheck" time="3.387" classname="TestCases.EditPage_Test"/>
</testsuite> <!-- TestCases.EditPage_Test -->
