<?xml version="1.0" encoding="UTF-8"?>
<!-- Generated by org.testng.reporters.JUnitReportReporter -->
<testsuite skipped="0" hostname="VD-MDU-MMA12" name="TestCases.HyperLinkPage_Test" tests="5" failures="0" timestamp="2019-11-22T12:43:23 IST" time="7.647" errors="0">
  <testcase name="Navi_ClickLink" time="0.363" classname="TestCases.HyperLinkPage_Test"/>
  <testcase name="Test11_FindDestination" time="0.090" classname="TestCases.HyperLinkPage_Test"/>
  <testcase name="Test12_VerifyBrokenLink" time="0.442" classname="TestCases.HyperLinkPage_Test"/>
  <testcase name="Test12_GotoHomePage1" time="6.680" classname="TestCases.HyperLinkPage_Test"/>
  <testcase name="Test14_CountLink" time="0.072" classname="TestCases.HyperLinkPage_Test"/>
</testsuite> <!-- TestCases.HyperLinkPage_Test -->
