<?xml version="1.0" encoding="UTF-8"?>
<!-- Generated by org.testng.reporters.JUnitReportReporter -->
<testsuite skipped="0" hostname="VD-MDU-MMA12" name="TestCases.ButtonPage_Test" tests="5" failures="0" timestamp="2019-11-19T18:42:28 IST" time="0.843" errors="0">
  <testcase name="Navi_ClickButton" time="0.595" classname="TestCases.ButtonPage_Test"/>
  <testcase name="Test10_GetSize" time="0.056" classname="TestCases.ButtonPage_Test"/>
  <testcase name="Test08_GetPosition" time="0.044" classname="TestCases.ButtonPage_Test"/>
  <testcase name="Test09_GetColor" time="0.056" classname="TestCases.ButtonPage_Test"/>
  <testcase name="Test07_CheckGotoHomeButton" time="0.092" classname="TestCases.ButtonPage_Test"/>
</testsuite> <!-- TestCases.ButtonPage_Test -->
