<?xml version="1.0" encoding="UTF-8"?>
<!-- Generated by org.testng.reporters.JUnitReportReporter -->
<testsuite skipped="0" hostname="VD-MDU-MMA12" name="TestCases.EditPage_Test" tests="8" failures="0" timestamp="2019-11-22T12:43:23 IST" time="4.260" errors="0">
  <testcase name="Navi_ClickEdit" time="0.306" classname="TestCases.EditPage_Test"/>
  <testcase name="test01_EmailAddress" time="0.204" classname="TestCases.EditPage_Test"/>
  <testcase name="test02_AppendText" time="0.215" classname="TestCases.EditPage_Test"/>
  <testcase name="test03_GetText" time="0.074" classname="TestCases.EditPage_Test"/>
  <testcase name="test04_ClearMe" time="0.146" classname="TestCases.EditPage_Test"/>
  <testcase name="test04_ClearMe" time="0.117" classname="TestCases.EditPage_Test"/>
  <testcase name="test04_ClearMe" time="0.115" classname="TestCases.EditPage_Test"/>
  <testcase name="test05_DisabledCheck" time="3.083" classname="TestCases.EditPage_Test"/>
</testsuite> <!-- TestCases.EditPage_Test -->
